2020-04-01 09:19:54.828 [restartedMain] WARN  o.s.b.a.web.format.WebConversionService - Auto-configuration of Joda-Time formatters is deprecated in favor of using java.time (JSR-310).
2020-04-01 09:23:14.283 [restartedMain] WARN  o.s.b.a.web.format.WebConversionService - Auto-configuration of Joda-Time formatters is deprecated in favor of using java.time (JSR-310).
2020-04-01 09:24:38.583 [restartedMain] WARN  o.s.b.a.web.format.WebConversionService - Auto-configuration of Joda-Time formatters is deprecated in favor of using java.time (JSR-310).
2020-04-01 09:28:13.302 [restartedMain] WARN  o.s.b.a.web.format.WebConversionService - Auto-configuration of Joda-Time formatters is deprecated in favor of using java.time (JSR-310).
2020-04-01 09:30:15.398 [restartedMain] WARN  o.s.b.a.web.format.WebConversionService - Auto-configuration of Joda-Time formatters is deprecated in favor of using java.time (JSR-310).
2020-04-01 09:31:45.151 [restartedMain] WARN  o.s.b.a.web.format.WebConversionService - Auto-configuration of Joda-Time formatters is deprecated in favor of using java.time (JSR-310).
2020-04-01 09:42:09.177 [restartedMain] WARN  o.s.b.a.web.format.WebConversionService - Auto-configuration of Joda-Time formatters is deprecated in favor of using java.time (JSR-310).
2020-04-01 09:45:14.691 [restartedMain] WARN  o.s.b.a.web.format.WebConversionService - Auto-configuration of Joda-Time formatters is deprecated in favor of using java.time (JSR-310).
2020-04-01 09:48:04.358 [restartedMain] WARN  o.s.b.a.web.format.WebConversionService - Auto-configuration of Joda-Time formatters is deprecated in favor of using java.time (JSR-310).
2020-04-01 09:50:22.069 [http-nio-8085-exec-1] WARN  o.s.w.s.m.support.DefaultHandlerExceptionResolver - Resolved [org.springframework.web.bind.MissingServletRequestParameterException: Required String parameter 'filename' is not present]
2020-04-01 09:59:29.887 [restartedMain] WARN  o.s.b.a.web.format.WebConversionService - Auto-configuration of Joda-Time formatters is deprecated in favor of using java.time (JSR-310).
2020-04-01 10:01:19.512 [restartedMain] WARN  o.s.b.a.web.format.WebConversionService - Auto-configuration of Joda-Time formatters is deprecated in favor of using java.time (JSR-310).
2020-04-01 10:01:29.151 [http-nio-8085-exec-1] WARN  o.s.w.s.m.support.DefaultHandlerExceptionResolver - Resolved [org.springframework.web.bind.MissingServletRequestParameterException: Required String parameter 'filename' is not present]
2020-04-01 10:02:20.078 [restartedMain] WARN  o.s.b.a.web.format.WebConversionService - Auto-configuration of Joda-Time formatters is deprecated in favor of using java.time (JSR-310).
2020-04-01 11:06:21.129 [restartedMain] WARN  o.s.b.a.web.format.WebConversionService - Auto-configuration of Joda-Time formatters is deprecated in favor of using java.time (JSR-310).
2020-04-01 11:06:21.206 [restartedMain] WARN  o.s.b.w.s.c.AnnotationConfigServletWebServerApplicationContext - Exception encountered during context initialization - cancelling refresh attempt: org.springframework.beans.factory.UnsatisfiedDependencyException: Error creating bean with name 'documentationPluginsBootstrapper' defined in URL [jar:file:/D:/data/maven/repo/io/springfox/springfox-spring-web/2.7.0/springfox-spring-web-2.7.0.jar!/springfox/documentation/spring/web/plugins/DocumentationPluginsBootstrapper.class]: Unsatisfied dependency expressed through constructor parameter 1; nested exception is org.springframework.beans.factory.UnsatisfiedDependencyException: Error creating bean with name 'webMvcRequestHandlerProvider' defined in URL [jar:file:/D:/data/maven/repo/io/springfox/springfox-spring-web/2.7.0/springfox-spring-web-2.7.0.jar!/springfox/documentation/spring/web/plugins/WebMvcRequestHandlerProvider.class]: Unsatisfied dependency expressed through constructor parameter 0; nested exception is org.springframework.beans.factory.BeanCreationException: Error creating bean with name 'requestMappingHandlerMapping' defined in class path resource [org/springframework/boot/autoconfigure/web/servlet/WebMvcAutoConfiguration$EnableWebMvcConfiguration.class]: Invocation of init method failed; nested exception is java.lang.IllegalStateException: Ambiguous mapping. Cannot map 'logController' method 
com.gx.dataI.api.controller.LogController#delete(String)
to {[POST, DELETE] /log/delete}: There is already 'logController' bean method
com.gx.dataI.api.controller.LogController#delete() mapped.
2020-04-01 11:08:21.264 [restartedMain] WARN  o.s.b.a.web.format.WebConversionService - Auto-configuration of Joda-Time formatters is deprecated in favor of using java.time (JSR-310).
2020-04-01 11:20:17.799 [restartedMain] WARN  o.s.b.a.web.format.WebConversionService - Auto-configuration of Joda-Time formatters is deprecated in favor of using java.time (JSR-310).
2020-04-01 16:07:19.061 [restartedMain] WARN  o.s.b.a.web.format.WebConversionService - Auto-configuration of Joda-Time formatters is deprecated in favor of using java.time (JSR-310).
2020-04-01 16:08:50.975 [restartedMain] WARN  o.s.b.a.web.format.WebConversionService - Auto-configuration of Joda-Time formatters is deprecated in favor of using java.time (JSR-310).
