2020-04-08 09:06:22.928 [restartedMain] WARN  o.s.b.a.web.format.WebConversionService - Auto-configuration of Joda-Time formatters is deprecated in favor of using java.time (JSR-310).
2020-04-08 09:06:26.005 [restartedMain] WARN  o.s.b.w.s.c.AnnotationConfigServletWebServerApplicationContext - Exception encountered during context initialization - cancelling refresh attempt: org.springframework.beans.factory.BeanCreationException: Error creating bean with name 'enableRedisKeyspaceNotificationsInitializer' defined in class path resource [org/springframework/session/data/redis/config/annotation/web/http/RedisHttpSessionConfiguration.class]: Invocation of init method failed; nested exception is org.springframework.data.redis.RedisConnectionFailureException: Unable to connect to Redis; nested exception is io.lettuce.core.RedisConnectionException: Unable to connect to 192.168.18.76:6379
2020-04-08 09:07:30.823 [restartedMain] WARN  o.s.b.a.web.format.WebConversionService - Auto-configuration of Joda-Time formatters is deprecated in favor of using java.time (JSR-310).
2020-04-08 09:09:53.710 [restartedMain] WARN  o.s.b.a.web.format.WebConversionService - Auto-configuration of Joda-Time formatters is deprecated in favor of using java.time (JSR-310).
2020-04-08 09:15:13.725 [restartedMain] WARN  o.s.b.a.web.format.WebConversionService - Auto-configuration of Joda-Time formatters is deprecated in favor of using java.time (JSR-310).
2020-04-08 09:17:54.526 [restartedMain] WARN  o.s.b.a.web.format.WebConversionService - Auto-configuration of Joda-Time formatters is deprecated in favor of using java.time (JSR-310).
2020-04-08 09:19:45.340 [restartedMain] WARN  o.s.b.a.web.format.WebConversionService - Auto-configuration of Joda-Time formatters is deprecated in favor of using java.time (JSR-310).
2020-04-08 09:30:28.691 [restartedMain] WARN  o.s.b.a.web.format.WebConversionService - Auto-configuration of Joda-Time formatters is deprecated in favor of using java.time (JSR-310).
2020-04-08 09:33:50.048 [restartedMain] WARN  o.s.b.a.web.format.WebConversionService - Auto-configuration of Joda-Time formatters is deprecated in favor of using java.time (JSR-310).
2020-04-08 09:36:12.116 [restartedMain] WARN  o.s.b.a.web.format.WebConversionService - Auto-configuration of Joda-Time formatters is deprecated in favor of using java.time (JSR-310).
2020-04-08 09:37:28.069 [restartedMain] WARN  o.s.b.a.web.format.WebConversionService - Auto-configuration of Joda-Time formatters is deprecated in favor of using java.time (JSR-310).
2020-04-08 09:40:28.651 [restartedMain] WARN  o.s.b.a.web.format.WebConversionService - Auto-configuration of Joda-Time formatters is deprecated in favor of using java.time (JSR-310).
2020-04-08 09:41:59.471 [restartedMain] WARN  o.s.b.a.web.format.WebConversionService - Auto-configuration of Joda-Time formatters is deprecated in favor of using java.time (JSR-310).
2020-04-08 09:43:52.067 [restartedMain] WARN  o.s.b.a.web.format.WebConversionService - Auto-configuration of Joda-Time formatters is deprecated in favor of using java.time (JSR-310).
2020-04-08 09:46:30.286 [restartedMain] WARN  o.s.b.a.web.format.WebConversionService - Auto-configuration of Joda-Time formatters is deprecated in favor of using java.time (JSR-310).
2020-04-08 10:21:21.458 [restartedMain] WARN  o.s.b.a.web.format.WebConversionService - Auto-configuration of Joda-Time formatters is deprecated in favor of using java.time (JSR-310).
2020-04-08 10:23:45.726 [restartedMain] WARN  o.s.b.a.web.format.WebConversionService - Auto-configuration of Joda-Time formatters is deprecated in favor of using java.time (JSR-310).
2020-04-08 10:29:13.720 [restartedMain] WARN  o.s.b.a.web.format.WebConversionService - Auto-configuration of Joda-Time formatters is deprecated in favor of using java.time (JSR-310).
2020-04-08 10:30:18.321 [restartedMain] WARN  o.s.b.a.web.format.WebConversionService - Auto-configuration of Joda-Time formatters is deprecated in favor of using java.time (JSR-310).
2020-04-08 10:33:10.800 [restartedMain] WARN  o.s.b.a.web.format.WebConversionService - Auto-configuration of Joda-Time formatters is deprecated in favor of using java.time (JSR-310).
2020-04-08 10:34:00.694 [restartedMain] WARN  o.s.b.a.web.format.WebConversionService - Auto-configuration of Joda-Time formatters is deprecated in favor of using java.time (JSR-310).
2020-04-08 10:38:44.581 [restartedMain] WARN  o.s.b.a.web.format.WebConversionService - Auto-configuration of Joda-Time formatters is deprecated in favor of using java.time (JSR-310).
2020-04-08 10:42:14.663 [restartedMain] WARN  o.s.b.a.web.format.WebConversionService - Auto-configuration of Joda-Time formatters is deprecated in favor of using java.time (JSR-310).
2020-04-08 10:44:57.050 [restartedMain] WARN  org.mybatis.spring.mapper.ClassPathMapperScanner - No MyBatis mapper was found in '[com.gx.dataI]' package. Please check your configuration.
2020-04-08 10:44:58.835 [restartedMain] WARN  o.s.b.a.web.format.WebConversionService - Auto-configuration of Joda-Time formatters is deprecated in favor of using java.time (JSR-310).
2020-04-08 10:44:59.025 [restartedMain] WARN  o.s.b.w.s.c.AnnotationConfigServletWebServerApplicationContext - Exception encountered during context initialization - cancelling refresh attempt: org.springframework.beans.factory.BeanCreationException: Error creating bean with name 'dataSource' defined in class path resource [com/alibaba/druid/spring/boot/autoconfigure/DruidDataSourceAutoConfigure.class]: Invocation of init method failed; nested exception is org.springframework.boot.autoconfigure.jdbc.DataSourceProperties$DataSourceBeanCreationException: Failed to determine a suitable driver class
2020-04-08 10:45:17.615 [restartedMain] WARN  o.s.b.a.web.format.WebConversionService - Auto-configuration of Joda-Time formatters is deprecated in favor of using java.time (JSR-310).
2020-04-08 11:03:52.213 [restartedMain] WARN  o.s.b.a.web.format.WebConversionService - Auto-configuration of Joda-Time formatters is deprecated in favor of using java.time (JSR-310).
2020-04-08 11:12:58.150 [restartedMain] WARN  o.s.b.a.web.format.WebConversionService - Auto-configuration of Joda-Time formatters is deprecated in favor of using java.time (JSR-310).
2020-04-08 11:14:00.303 [restartedMain] WARN  o.e.client.transport.TransportClientNodesService - node {#transport#-1}{rBcprQHGSeuSJLqsQpgV9w}{192.168.18.236}{192.168.18.236:9301} not part of the cluster Cluster [elasticsearch], ignoring...
2020-04-08 11:14:02.208 [restartedMain] WARN  o.s.b.a.web.format.WebConversionService - Auto-configuration of Joda-Time formatters is deprecated in favor of using java.time (JSR-310).
2020-04-08 11:14:05.302 [elasticsearch[_client_][generic][T#2]] WARN  o.e.client.transport.TransportClientNodesService - node {#transport#-1}{rBcprQHGSeuSJLqsQpgV9w}{192.168.18.236}{192.168.18.236:9301} not part of the cluster Cluster [elasticsearch], ignoring...
2020-04-08 11:14:30.026 [restartedMain] WARN  o.s.b.a.web.format.WebConversionService - Auto-configuration of Joda-Time formatters is deprecated in favor of using java.time (JSR-310).
2020-04-08 11:21:09.237 [restartedMain] WARN  o.s.b.w.s.c.AnnotationConfigServletWebServerApplicationContext - Exception encountered during context initialization - cancelling refresh attempt: org.springframework.beans.factory.BeanCreationException: Error creating bean with name 'sysUserServiceImpl': Injection of resource dependencies failed; nested exception is org.springframework.beans.factory.UnsatisfiedDependencyException: Error creating bean with name 'sysUserMapper' defined in file [D:\Dev\Projects\Idea\HZDOS_EX\hzdos-data-interface\target\classes\com\gx\dataI\api\mapper\SysUserMapper.class]: Unsatisfied dependency expressed through bean property 'sqlSessionFactory'; nested exception is org.springframework.beans.factory.BeanCreationException: Error creating bean with name 'sqlSessionFactory' defined in class path resource [com/gx/dataI/common/config/MyBatiesPlusConfiguration.class]: Bean instantiation via factory method failed; nested exception is org.springframework.beans.BeanInstantiationException: Failed to instantiate [org.apache.ibatis.session.SqlSessionFactory]: Factory method 'sqlSessionFactory' threw exception; nested exception is org.springframework.beans.factory.NoSuchBeanDefinitionException: No bean named 'performanceInterceptor' available
2020-04-08 11:42:16.662 [restartedMain] WARN  o.s.b.a.web.format.WebConversionService - Auto-configuration of Joda-Time formatters is deprecated in favor of using java.time (JSR-310).
2020-04-08 12:02:41.204 [restartedMain] WARN  o.s.b.a.web.format.WebConversionService - Auto-configuration of Joda-Time formatters is deprecated in favor of using java.time (JSR-310).
2020-04-08 12:15:19.136 [restartedMain] WARN  o.s.b.a.web.format.WebConversionService - Auto-configuration of Joda-Time formatters is deprecated in favor of using java.time (JSR-310).
2020-04-08 12:17:01.780 [http-nio-8080-exec-2] WARN  o.s.w.s.m.support.DefaultHandlerExceptionResolver - Resolved [org.springframework.web.HttpRequestMethodNotSupportedException: Request method 'GET' not supported]
2020-04-08 12:18:10.000 [restartedMain] WARN  o.s.b.a.web.format.WebConversionService - Auto-configuration of Joda-Time formatters is deprecated in favor of using java.time (JSR-310).
