2020-04-10 16:36:21.899 [restartedMain] ERROR o.s.d.e.r.support.AbstractElasticsearchRepository - failed to load elasticsearch nodes : org.elasticsearch.client.transport.NoNodeAvailableException: None of the configured nodes are available: [{#transport#-1}{9EEv_H4qR-egHQLEH-orzg}{192.168.18.236}{192.168.18.236:9301}]
2020-04-10 16:36:22.037 [restartedMain] ERROR o.s.d.e.r.support.AbstractElasticsearchRepository - failed to load elasticsearch nodes : org.elasticsearch.client.transport.NoNodeAvailableException: None of the configured nodes are available: [{#transport#-1}{9EEv_H4qR-egHQLEH-orzg}{192.168.18.236}{192.168.18.236:9301}]
2020-04-10 16:36:22.139 [restartedMain] ERROR o.s.d.e.r.support.AbstractElasticsearchRepository - failed to load elasticsearch nodes : org.elasticsearch.client.transport.NoNodeAvailableException: None of the configured nodes are available: [{#transport#-1}{9EEv_H4qR-egHQLEH-orzg}{192.168.18.236}{192.168.18.236:9301}]
2020-04-10 16:36:22.208 [restartedMain] ERROR o.s.d.e.r.support.AbstractElasticsearchRepository - failed to load elasticsearch nodes : org.elasticsearch.client.transport.NoNodeAvailableException: None of the configured nodes are available: [{#transport#-1}{9EEv_H4qR-egHQLEH-orzg}{192.168.18.236}{192.168.18.236:9301}]
2020-04-10 16:36:22.251 [restartedMain] ERROR o.s.d.e.r.support.AbstractElasticsearchRepository - failed to load elasticsearch nodes : org.elasticsearch.client.transport.NoNodeAvailableException: None of the configured nodes are available: [{#transport#-1}{9EEv_H4qR-egHQLEH-orzg}{192.168.18.236}{192.168.18.236:9301}]
2020-04-10 16:36:22.658 [restartedMain] ERROR com.alibaba.druid.pool.DruidAbstractDataSource - oracle.jdbc.driver.OracleDriver is deprecated.
2020-04-10 16:36:22.762 [restartedMain] ERROR com.alibaba.druid.pool.DruidAbstractDataSource - oracle.jdbc.driver.OracleDriver is deprecated.
2020-04-10 16:47:12.997 [restartedMain] ERROR com.alibaba.druid.pool.DruidAbstractDataSource - oracle.jdbc.driver.OracleDriver is deprecated.
2020-04-10 16:47:13.185 [restartedMain] ERROR com.alibaba.druid.pool.DruidAbstractDataSource - oracle.jdbc.driver.OracleDriver is deprecated.
2020-04-10 16:47:26.344 [restartedMain] ERROR org.springframework.boot.SpringApplication - Application run failed
org.springframework.beans.factory.BeanCreationException: Error creating bean with name 'enableRedisKeyspaceNotificationsInitializer' defined in class path resource [org/springframework/session/data/redis/config/annotation/web/http/RedisHttpSessionConfiguration.class]: Invocation of init method failed; nested exception is org.springframework.data.redis.RedisConnectionFailureException: Unable to connect to Redis; nested exception is io.lettuce.core.RedisConnectionException: Unable to connect to 192.168.18.236:6379
	at org.springframework.beans.factory.support.AbstractAutowireCapableBeanFactory.initializeBean(AbstractAutowireCapableBeanFactory.java:1796)
	at org.springframework.beans.factory.support.AbstractAutowireCapableBeanFactory.doCreateBean(AbstractAutowireCapableBeanFactory.java:595)
	at org.springframework.beans.factory.support.AbstractAutowireCapableBeanFactory.createBean(AbstractAutowireCapableBeanFactory.java:517)
	at org.springframework.beans.factory.support.AbstractBeanFactory.lambda$doGetBean$0(AbstractBeanFactory.java:323)
	at org.springframework.beans.factory.support.DefaultSingletonBeanRegistry.getSingleton(DefaultSingletonBeanRegistry.java:222)
	at org.springframework.beans.factory.support.AbstractBeanFactory.doGetBean(AbstractBeanFactory.java:321)
	at org.springframework.beans.factory.support.AbstractBeanFactory.getBean(AbstractBeanFactory.java:202)
	at org.springframework.beans.factory.support.DefaultListableBeanFactory.preInstantiateSingletons(DefaultListableBeanFactory.java:879)
	at org.springframework.context.support.AbstractApplicationContext.finishBeanFactoryInitialization(AbstractApplicationContext.java:878)
	at org.springframework.context.support.AbstractApplicationContext.refresh(AbstractApplicationContext.java:550)
	at org.springframework.boot.web.servlet.context.ServletWebServerApplicationContext.refresh(ServletWebServerApplicationContext.java:141)
	at org.springframework.boot.SpringApplication.refresh(SpringApplication.java:747)
	at org.springframework.boot.SpringApplication.refreshContext(SpringApplication.java:397)
	at org.springframework.boot.SpringApplication.run(SpringApplication.java:315)
	at com.gx.dataI.HzdosDataInterfaceApplication.main(HzdosDataInterfaceApplication.java:25)
	at sun.reflect.NativeMethodAccessorImpl.invoke0(Native Method)
	at sun.reflect.NativeMethodAccessorImpl.invoke(NativeMethodAccessorImpl.java:62)
	at sun.reflect.DelegatingMethodAccessorImpl.invoke(DelegatingMethodAccessorImpl.java:43)
	at java.lang.reflect.Method.invoke(Method.java:498)
	at org.springframework.boot.devtools.restart.RestartLauncher.run(RestartLauncher.java:49)
Caused by: org.springframework.data.redis.RedisConnectionFailureException: Unable to connect to Redis; nested exception is io.lettuce.core.RedisConnectionException: Unable to connect to 192.168.18.236:6379
	at org.springframework.data.redis.connection.lettuce.LettuceConnectionFactory$SharedConnection.getNativeConnection(LettuceConnectionFactory.java:1199)
	at org.springframework.data.redis.connection.lettuce.LettuceConnectionFactory$SharedConnection.getConnection(LettuceConnectionFactory.java:1178)
	at org.springframework.data.redis.connection.lettuce.LettuceConnectionFactory.getSharedConnection(LettuceConnectionFactory.java:942)
	at org.springframework.data.redis.connection.lettuce.LettuceConnectionFactory.getConnection(LettuceConnectionFactory.java:353)
	at org.springframework.session.data.redis.config.annotation.web.http.RedisHttpSessionConfiguration$EnableRedisKeyspaceNotificationsInitializer.afterPropertiesSet(RedisHttpSessionConfiguration.java:331)
	at org.springframework.beans.factory.support.AbstractAutowireCapableBeanFactory.invokeInitMethods(AbstractAutowireCapableBeanFactory.java:1855)
	at org.springframework.beans.factory.support.AbstractAutowireCapableBeanFactory.initializeBean(AbstractAutowireCapableBeanFactory.java:1792)
	... 19 common frames omitted
Caused by: io.lettuce.core.RedisConnectionException: Unable to connect to 192.168.18.236:6379
	at io.lettuce.core.RedisConnectionException.create(RedisConnectionException.java:78)
	at io.lettuce.core.RedisConnectionException.create(RedisConnectionException.java:56)
	at io.lettuce.core.AbstractRedisClient.getConnection(AbstractRedisClient.java:234)
	at io.lettuce.core.RedisClient.connect(RedisClient.java:207)
	at org.springframework.data.redis.connection.lettuce.StandaloneConnectionProvider.lambda$getConnection$1(StandaloneConnectionProvider.java:115)
	at java.util.Optional.orElseGet(Optional.java:267)
	at org.springframework.data.redis.connection.lettuce.StandaloneConnectionProvider.getConnection(StandaloneConnectionProvider.java:115)
	at org.springframework.data.redis.connection.lettuce.LettuceConnectionFactory$SharedConnection.getNativeConnection(LettuceConnectionFactory.java:1197)
	... 25 common frames omitted
Caused by: io.netty.channel.ConnectTimeoutException: connection timed out: /192.168.18.236:6379
	at io.netty.channel.nio.AbstractNioChannel$AbstractNioUnsafe$1.run(AbstractNioChannel.java:261)
	at io.netty.util.concurrent.PromiseTask.runTask(PromiseTask.java:98)
	at io.netty.util.concurrent.ScheduledFutureTask.run(ScheduledFutureTask.java:170)
	at io.netty.util.concurrent.AbstractEventExecutor.safeExecute$$$capture(AbstractEventExecutor.java:164)
	at io.netty.util.concurrent.AbstractEventExecutor.safeExecute(AbstractEventExecutor.java)
	at io.netty.util.concurrent.SingleThreadEventExecutor.runAllTasks(SingleThreadEventExecutor.java:472)
	at io.netty.channel.nio.NioEventLoop.run(NioEventLoop.java:500)
	at io.netty.util.concurrent.SingleThreadEventExecutor$4.run(SingleThreadEventExecutor.java:989)
	at io.netty.util.internal.ThreadExecutorMap$2.run(ThreadExecutorMap.java:74)
	at io.netty.util.concurrent.FastThreadLocalRunnable.run(FastThreadLocalRunnable.java:30)
	at java.lang.Thread.run(Thread.java:748)
2020-04-10 16:49:02.669 [restartedMain] ERROR com.alibaba.druid.pool.DruidAbstractDataSource - oracle.jdbc.driver.OracleDriver is deprecated.
2020-04-10 16:49:02.795 [restartedMain] ERROR com.alibaba.druid.pool.DruidAbstractDataSource - oracle.jdbc.driver.OracleDriver is deprecated.
2020-04-10 16:50:14.270 [restartedMain] ERROR com.alibaba.druid.pool.DruidAbstractDataSource - oracle.jdbc.driver.OracleDriver is deprecated.
2020-04-10 16:50:14.402 [restartedMain] ERROR com.alibaba.druid.pool.DruidAbstractDataSource - oracle.jdbc.driver.OracleDriver is deprecated.
2020-04-10 17:25:28.804 [restartedMain] ERROR com.alibaba.druid.pool.DruidAbstractDataSource - oracle.jdbc.driver.OracleDriver is deprecated.
2020-04-10 17:25:28.923 [restartedMain] ERROR com.alibaba.druid.pool.DruidAbstractDataSource - oracle.jdbc.driver.OracleDriver is deprecated.
2020-04-10 17:30:59.906 [restartedMain] ERROR com.alibaba.druid.pool.DruidAbstractDataSource - oracle.jdbc.driver.OracleDriver is deprecated.
2020-04-10 17:31:00.052 [restartedMain] ERROR com.alibaba.druid.pool.DruidAbstractDataSource - oracle.jdbc.driver.OracleDriver is deprecated.
2020-04-10 17:34:04.141 [restartedMain] ERROR com.alibaba.druid.pool.DruidAbstractDataSource - oracle.jdbc.driver.OracleDriver is deprecated.
2020-04-10 17:34:04.251 [restartedMain] ERROR com.alibaba.druid.pool.DruidAbstractDataSource - oracle.jdbc.driver.OracleDriver is deprecated.
2020-04-10 18:09:59.627 [restartedMain] ERROR com.alibaba.druid.pool.DruidAbstractDataSource - oracle.jdbc.driver.OracleDriver is deprecated.
2020-04-10 18:09:59.759 [restartedMain] ERROR com.alibaba.druid.pool.DruidAbstractDataSource - oracle.jdbc.driver.OracleDriver is deprecated.
2020-04-10 18:11:12.230 [pool-3-thread-1] ERROR o.s.s.support.TaskUtils$LoggingErrorHandler - Unexpected error occurred in scheduled task
org.springframework.dao.QueryTimeoutException: Redis command timed out; nested exception is io.lettuce.core.RedisCommandTimeoutException: Command timed out after 5 second(s)
	at org.springframework.data.redis.connection.lettuce.LettuceExceptionConverter.convert(LettuceExceptionConverter.java:70)
	at org.springframework.data.redis.connection.lettuce.LettuceExceptionConverter.convert(LettuceExceptionConverter.java:41)
	at org.springframework.data.redis.PassThroughExceptionTranslationStrategy.translate(PassThroughExceptionTranslationStrategy.java:44)
	at org.springframework.data.redis.FallbackExceptionTranslationStrategy.translate(FallbackExceptionTranslationStrategy.java:42)
	at org.springframework.data.redis.connection.lettuce.LettuceConnection.convertLettuceAccessException(LettuceConnection.java:270)
	at org.springframework.data.redis.connection.lettuce.LettuceSetCommands.convertLettuceAccessException(LettuceSetCommands.java:520)
	at org.springframework.data.redis.connection.lettuce.LettuceSetCommands.sMembers(LettuceSetCommands.java:245)
	at org.springframework.data.redis.connection.DefaultedRedisConnection.sMembers(DefaultedRedisConnection.java:729)
	at org.springframework.data.redis.core.DefaultSetOperations.lambda$members$10(DefaultSetOperations.java:214)
	at org.springframework.data.redis.core.RedisTemplate.execute(RedisTemplate.java:228)
	at org.springframework.data.redis.core.RedisTemplate.execute(RedisTemplate.java:188)
	at org.springframework.data.redis.core.AbstractOperations.execute(AbstractOperations.java:96)
	at org.springframework.data.redis.core.DefaultSetOperations.members(DefaultSetOperations.java:214)
	at org.springframework.data.redis.core.DefaultBoundSetOperations.members(DefaultBoundSetOperations.java:152)
	at org.springframework.session.data.redis.RedisSessionExpirationPolicy.cleanExpiredSessions(RedisSessionExpirationPolicy.java:129)
	at org.springframework.session.data.redis.RedisIndexedSessionRepository.cleanupExpiredSessions(RedisIndexedSessionRepository.java:407)
	at org.springframework.scheduling.support.DelegatingErrorHandlingRunnable.run(DelegatingErrorHandlingRunnable.java:54)
	at org.springframework.scheduling.concurrent.ReschedulingRunnable.run(ReschedulingRunnable.java:93)
	at java.util.concurrent.Executors$RunnableAdapter.call(Executors.java:511)
	at java.util.concurrent.FutureTask.run$$$capture(FutureTask.java:266)
	at java.util.concurrent.FutureTask.run(FutureTask.java)
	at java.util.concurrent.ScheduledThreadPoolExecutor$ScheduledFutureTask.access$201(ScheduledThreadPoolExecutor.java:180)
	at java.util.concurrent.ScheduledThreadPoolExecutor$ScheduledFutureTask.run(ScheduledThreadPoolExecutor.java:293)
	at java.util.concurrent.ThreadPoolExecutor.runWorker(ThreadPoolExecutor.java:1149)
	at java.util.concurrent.ThreadPoolExecutor$Worker.run(ThreadPoolExecutor.java:624)
	at java.lang.Thread.run(Thread.java:748)
Caused by: io.lettuce.core.RedisCommandTimeoutException: Command timed out after 5 second(s)
	at io.lettuce.core.ExceptionFactory.createTimeoutException(ExceptionFactory.java:51)
	at io.lettuce.core.LettuceFutures.awaitOrCancel(LettuceFutures.java:114)
	at io.lettuce.core.FutureSyncInvocationHandler.handleInvocation(FutureSyncInvocationHandler.java:69)
	at io.lettuce.core.internal.AbstractInvocationHandler.invoke(AbstractInvocationHandler.java:80)
	at com.sun.proxy.$Proxy173.smembers(Unknown Source)
	at org.springframework.data.redis.connection.lettuce.LettuceSetCommands.sMembers(LettuceSetCommands.java:243)
	... 19 common frames omitted
2020-04-10 19:15:54.427 [restartedMain] ERROR com.alibaba.druid.pool.DruidAbstractDataSource - oracle.jdbc.driver.OracleDriver is deprecated.
2020-04-10 19:15:54.532 [restartedMain] ERROR com.alibaba.druid.pool.DruidAbstractDataSource - oracle.jdbc.driver.OracleDriver is deprecated.
2020-04-10 19:18:37.431 [restartedMain] ERROR com.alibaba.druid.pool.DruidAbstractDataSource - oracle.jdbc.driver.OracleDriver is deprecated.
2020-04-10 19:18:37.542 [restartedMain] ERROR com.alibaba.druid.pool.DruidAbstractDataSource - oracle.jdbc.driver.OracleDriver is deprecated.
