2020-03-31 10:15:11.702 [restartedMain] WARN  o.s.b.w.s.c.AnnotationConfigServletWebServerApplicationContext - Exception encountered during context initialization - cancelling refresh attempt: org.springframework.beans.factory.BeanCreationException: Error creating bean with name 'objectMapperConfigurer' defined in class path resource [springfox/documentation/spring/web/SpringfoxWebMvcConfiguration.class]: BeanPostProcessor before instantiation of bean failed; nested exception is org.springframework.beans.factory.BeanCreationException: Error creating bean with name 'org.springframework.transaction.annotation.ProxyTransactionManagementConfiguration': BeanPostProcessor before instantiation of bean failed; nested exception is java.lang.IllegalArgumentException: ProceedingJoinPoint is only supported for around advice
2020-03-31 10:20:59.368 [restartedMain] WARN  o.s.b.a.web.format.WebConversionService - Auto-configuration of Joda-Time formatters is deprecated in favor of using java.time (JSR-310).
2020-03-31 11:17:14.670 [restartedMain] WARN  o.s.b.a.web.format.WebConversionService - Auto-configuration of Joda-Time formatters is deprecated in favor of using java.time (JSR-310).
2020-03-31 11:20:42.405 [restartedMain] WARN  o.s.b.a.web.format.WebConversionService - Auto-configuration of Joda-Time formatters is deprecated in favor of using java.time (JSR-310).
2020-03-31 11:21:58.758 [restartedMain] WARN  o.s.b.a.web.format.WebConversionService - Auto-configuration of Joda-Time formatters is deprecated in favor of using java.time (JSR-310).
2020-03-31 11:23:02.591 [restartedMain] WARN  o.s.b.a.web.format.WebConversionService - Auto-configuration of Joda-Time formatters is deprecated in favor of using java.time (JSR-310).
2020-03-31 11:27:02.515 [http-nio-8085-exec-7] WARN  o.s.w.s.m.support.DefaultHandlerExceptionResolver - Resolved [org.springframework.web.method.annotation.MethodArgumentTypeMismatchException: Failed to convert value of type 'java.lang.String' to required type 'java.util.Date'; nested exception is org.springframework.core.convert.ConversionFailedException: Failed to convert from type [java.lang.String] to type [java.util.Date] for value '2020/03/30'; nested exception is java.lang.IllegalArgumentException: Parse attempt failed for value [2020/03/30]]
2020-03-31 11:27:31.425 [http-nio-8085-exec-10] WARN  o.s.w.s.m.support.DefaultHandlerExceptionResolver - Resolved [org.springframework.web.method.annotation.MethodArgumentTypeMismatchException: Failed to convert value of type 'java.lang.String' to required type 'java.util.Date'; nested exception is org.springframework.core.convert.ConversionFailedException: Failed to convert from type [java.lang.String] to type [java.util.Date] for value 'Tue Mar 31 2020 11:27:21 GMT+0800'; nested exception is java.lang.IllegalArgumentException: Parse attempt failed for value [Tue Mar 31 2020 11:27:21 GMT+0800]]
2020-03-31 11:30:28.717 [restartedMain] WARN  o.s.b.a.web.format.WebConversionService - Auto-configuration of Joda-Time formatters is deprecated in favor of using java.time (JSR-310).
2020-03-31 11:30:54.319 [http-nio-8085-exec-3] WARN  o.s.w.s.m.support.DefaultHandlerExceptionResolver - Resolved [org.springframework.web.method.annotation.MethodArgumentTypeMismatchException: Failed to convert value of type 'java.lang.String' to required type 'java.util.Date'; nested exception is org.springframework.core.convert.ConversionFailedException: Failed to convert from type [java.lang.String] to type [java.util.Date] for value '2020-03-31'; nested exception is java.lang.IllegalArgumentException: Parse attempt failed for value [2020-03-31]]
2020-03-31 12:52:09.621 [restartedMain] WARN  o.s.b.a.web.format.WebConversionService - Auto-configuration of Joda-Time formatters is deprecated in favor of using java.time (JSR-310).
2020-03-31 12:54:59.722 [restartedMain] WARN  o.s.b.a.web.format.WebConversionService - Auto-configuration of Joda-Time formatters is deprecated in favor of using java.time (JSR-310).
2020-03-31 13:02:50.992 [restartedMain] WARN  o.s.b.a.web.format.WebConversionService - Auto-configuration of Joda-Time formatters is deprecated in favor of using java.time (JSR-310).
2020-03-31 13:03:57.954 [restartedMain] WARN  o.s.b.a.web.format.WebConversionService - Auto-configuration of Joda-Time formatters is deprecated in favor of using java.time (JSR-310).
2020-03-31 13:33:30.082 [restartedMain] WARN  o.s.b.a.web.format.WebConversionService - Auto-configuration of Joda-Time formatters is deprecated in favor of using java.time (JSR-310).
2020-03-31 13:36:18.779 [restartedMain] WARN  o.s.b.a.web.format.WebConversionService - Auto-configuration of Joda-Time formatters is deprecated in favor of using java.time (JSR-310).
2020-03-31 13:38:10.092 [restartedMain] WARN  o.s.b.a.web.format.WebConversionService - Auto-configuration of Joda-Time formatters is deprecated in favor of using java.time (JSR-310).
2020-03-31 13:41:59.763 [restartedMain] WARN  o.s.b.a.web.format.WebConversionService - Auto-configuration of Joda-Time formatters is deprecated in favor of using java.time (JSR-310).
2020-03-31 13:44:16.389 [restartedMain] WARN  o.s.b.a.web.format.WebConversionService - Auto-configuration of Joda-Time formatters is deprecated in favor of using java.time (JSR-310).
2020-03-31 13:47:25.501 [restartedMain] WARN  o.s.b.w.s.c.AnnotationConfigServletWebServerApplicationContext - Exception encountered during context initialization - cancelling refresh attempt: org.springframework.beans.factory.UnsatisfiedDependencyException: Error creating bean with name 'logController': Unsatisfied dependency expressed through field 'logService'; nested exception is org.springframework.beans.factory.UnsatisfiedDependencyException: Error creating bean with name 'logServiceImpl': Unsatisfied dependency expressed through field 'logRepository'; nested exception is org.springframework.beans.factory.BeanCreationException: Error creating bean with name 'logRepository': Invocation of init method failed; nested exception is org.springframework.beans.BeanInstantiationException: Failed to instantiate [org.springframework.data.elasticsearch.repository.support.SimpleElasticsearchRepository]: Constructor threw exception; nested exception is java.lang.IllegalArgumentException: mapper [params] of different type, current_type [text], merged_type [keyword]
2020-03-31 13:47:42.315 [restartedMain] WARN  o.s.b.w.s.c.AnnotationConfigServletWebServerApplicationContext - Exception encountered during context initialization - cancelling refresh attempt: org.springframework.beans.factory.UnsatisfiedDependencyException: Error creating bean with name 'logController': Unsatisfied dependency expressed through field 'logService'; nested exception is org.springframework.beans.factory.UnsatisfiedDependencyException: Error creating bean with name 'logServiceImpl': Unsatisfied dependency expressed through field 'logRepository'; nested exception is org.springframework.beans.factory.BeanCreationException: Error creating bean with name 'logRepository': Invocation of init method failed; nested exception is org.springframework.beans.BeanInstantiationException: Failed to instantiate [org.springframework.data.elasticsearch.repository.support.SimpleElasticsearchRepository]: Constructor threw exception; nested exception is java.lang.IllegalArgumentException: mapper [params] of different type, current_type [text], merged_type [keyword]
2020-03-31 13:48:26.371 [restartedMain] WARN  o.s.b.a.web.format.WebConversionService - Auto-configuration of Joda-Time formatters is deprecated in favor of using java.time (JSR-310).
2020-03-31 13:49:50.403 [restartedMain] WARN  o.s.b.a.web.format.WebConversionService - Auto-configuration of Joda-Time formatters is deprecated in favor of using java.time (JSR-310).
2020-03-31 13:54:22.186 [restartedMain] WARN  o.s.b.a.web.format.WebConversionService - Auto-configuration of Joda-Time formatters is deprecated in favor of using java.time (JSR-310).
2020-03-31 14:01:20.245 [restartedMain] WARN  o.s.b.a.web.format.WebConversionService - Auto-configuration of Joda-Time formatters is deprecated in favor of using java.time (JSR-310).
2020-03-31 14:13:19.782 [restartedMain] WARN  o.s.b.a.web.format.WebConversionService - Auto-configuration of Joda-Time formatters is deprecated in favor of using java.time (JSR-310).
2020-03-31 14:18:14.710 [restartedMain] WARN  o.s.b.a.web.format.WebConversionService - Auto-configuration of Joda-Time formatters is deprecated in favor of using java.time (JSR-310).
2020-03-31 14:25:08.824 [restartedMain] WARN  o.s.b.a.web.format.WebConversionService - Auto-configuration of Joda-Time formatters is deprecated in favor of using java.time (JSR-310).
2020-03-31 14:29:31.675 [restartedMain] WARN  o.s.b.a.web.format.WebConversionService - Auto-configuration of Joda-Time formatters is deprecated in favor of using java.time (JSR-310).
2020-03-31 18:33:06.154 [restartedMain] WARN  o.s.b.a.web.format.WebConversionService - Auto-configuration of Joda-Time formatters is deprecated in favor of using java.time (JSR-310).
2020-03-31 18:34:29.424 [restartedMain] WARN  o.s.b.a.web.format.WebConversionService - Auto-configuration of Joda-Time formatters is deprecated in favor of using java.time (JSR-310).
2020-03-31 18:36:12.831 [http-nio-8085-exec-3] WARN  o.s.w.s.m.support.DefaultHandlerExceptionResolver - Resolved [org.springframework.web.bind.MissingServletRequestParameterException: Required String parameter 'filename' is not present]
2020-03-31 18:38:26.125 [restartedMain] WARN  o.s.b.a.web.format.WebConversionService - Auto-configuration of Joda-Time formatters is deprecated in favor of using java.time (JSR-310).
2020-03-31 18:40:24.089 [restartedMain] WARN  o.s.b.a.web.format.WebConversionService - Auto-configuration of Joda-Time formatters is deprecated in favor of using java.time (JSR-310).
2020-03-31 18:43:39.264 [restartedMain] WARN  o.s.b.a.web.format.WebConversionService - Auto-configuration of Joda-Time formatters is deprecated in favor of using java.time (JSR-310).
2020-03-31 18:45:09.489 [restartedMain] WARN  o.s.b.a.web.format.WebConversionService - Auto-configuration of Joda-Time formatters is deprecated in favor of using java.time (JSR-310).
2020-03-31 18:45:30.513 [restartedMain] WARN  o.s.b.a.web.format.WebConversionService - Auto-configuration of Joda-Time formatters is deprecated in favor of using java.time (JSR-310).
