2020-03-30 18:15:33.774 [restartedMain] DEBUG com.gx.dataI.HzdosDataInterfaceApplication - Running with Spring Boot v2.2.5.RELEASE, Spring v5.2.4.RELEASE
2020-03-30 18:18:10.336 [http-nio-8085-exec-2] DEBUG com.gx.dataI.common.aop.WebLogAspect - 返回值 : {"msg":"操作成功！","code":"200","token":"18efa232-7dbd-4b8c-b9e8-712059ccd178"}
2020-03-30 18:18:56.350 [http-nio-8085-exec-3] DEBUG com.gx.dataI.common.utils.FastDFSUtil - ——获取组中可用的storage IP——192.168.18.251
2020-03-30 18:18:56.350 [http-nio-8085-exec-3] DEBUG com.gx.dataI.common.utils.FastDFSUtil - ——storage server生成
2020-03-30 18:18:56.353 [http-nio-8085-exec-3] DEBUG com.gx.dataI.common.aop.WebLogAspect - 返回值 : null
2020-03-30 18:40:06.735 [restartedMain] DEBUG com.gx.dataI.HzdosDataInterfaceApplication - Running with Spring Boot v2.2.5.RELEASE, Spring v5.2.4.RELEASE
2020-03-30 18:40:26.192 [http-nio-8085-exec-2] DEBUG com.gx.dataI.common.aop.WebLogAspect - 返回值 : {"msg":"操作成功！","code":"200","token":"d5ip+OyqXNUN+mMvXxMAd59QecVRAQtzR2dY9n2BxkpH5eeOKj74aXFr/cXzWsrFvwdu3D/D6NJxpXZOn9/ZBRqujI6YJX6ZJ6DqhNBToxU="}
2020-03-30 18:41:45.742 [restartedMain] DEBUG com.gx.dataI.HzdosDataInterfaceApplication - Running with Spring Boot v2.2.5.RELEASE, Spring v5.2.4.RELEASE
2020-03-30 18:43:03.912 [restartedMain] DEBUG com.gx.dataI.HzdosDataInterfaceApplication - Running with Spring Boot v2.2.5.RELEASE, Spring v5.2.4.RELEASE
2020-03-30 18:43:24.256 [http-nio-8085-exec-2] DEBUG com.gx.dataI.common.aop.WebLogAspect - 返回值 : {"msg":"操作成功！","code":"200","token":"aVhtR2Q3UVhCellnTnZySUZYdmxNRG5yT1pzY1dHdG5TLzdoOHJXTVllZk9uZHNGNFlJR1FpZlRlSE9NK1FYVg"}
2020-03-30 18:43:29.405 [http-nio-8085-exec-4] DEBUG com.gx.dataI.common.aop.WebLogAspect - 返回值 : {"msg":"操作成功！","code":"200","token":"aVhtR2Q3UVhCellnTnZySUZYdmxNTkFNTVY1aTB1cngyeU5lU1kxVWJrc0IybHVlK3h3c3pqa2ZIUWxFZXgzdQ"}
2020-03-30 18:43:31.099 [http-nio-8085-exec-5] DEBUG com.gx.dataI.common.aop.WebLogAspect - 返回值 : {"msg":"操作成功！","code":"200","token":"aVhtR2Q3UVhCellnTnZySUZYdmxNTTVDNFB5RGcvOXpOekxDd05QeG1EbVpreVVlZWhVQTJ5SFRBeTFQWlFBNw"}
2020-03-30 18:43:32.719 [http-nio-8085-exec-3] DEBUG com.gx.dataI.common.aop.WebLogAspect - 返回值 : {"msg":"操作成功！","code":"200","token":"aVhtR2Q3UVhCellnTnZySUZYdmxNTTlsSGNNNEJVZW0vZ2ZNM1RtZURHNDhOOThzZkFEZjRMWUlxa0lvNUIvLw"}
2020-03-30 18:43:34.158 [http-nio-8085-exec-7] DEBUG com.gx.dataI.common.aop.WebLogAspect - 返回值 : {"msg":"操作成功！","code":"200","token":"aVhtR2Q3UVhCellnTnZySUZYdmxNTDg5a1g5ZjVsQngxTFdZUFdnQnBqTnJ0N1ZvbE8xalgzNENzUTA4dkh1Nw"}
2020-03-30 18:43:35.489 [http-nio-8085-exec-6] DEBUG com.gx.dataI.common.aop.WebLogAspect - 返回值 : {"msg":"操作成功！","code":"200","token":"aVhtR2Q3UVhCellnTnZySUZYdmxNTWlqVDUxY2tnTVQ5TVlpQVVGM1N4RUdBdGNkVXZBTktTdXZ2UUxvTmIwWA"}
2020-03-30 18:43:37.026 [http-nio-8085-exec-8] DEBUG com.gx.dataI.common.aop.WebLogAspect - 返回值 : {"msg":"操作成功！","code":"200","token":"aVhtR2Q3UVhCellnTnZySUZYdmxNQW5reG9MOW8wOTlaeFBCTU04Q1pRR2MwYjhCTXdYYjB5Q3EvUUQ4dG96Zw"}
2020-03-30 18:43:38.533 [http-nio-8085-exec-9] DEBUG com.gx.dataI.common.aop.WebLogAspect - 返回值 : {"msg":"操作成功！","code":"200","token":"aVhtR2Q3UVhCellnTnZySUZYdmxNQWVlc25ZdkhRU01MWGZtbURkSUt4YU9lK0lYN2gvTit4R1BjU3plQ1Uxcw"}
2020-03-30 18:43:40.144 [http-nio-8085-exec-10] DEBUG com.gx.dataI.common.aop.WebLogAspect - 返回值 : {"msg":"操作成功！","code":"200","token":"aVhtR2Q3UVhCellnTnZySUZYdmxNQU5ncTFWYjhtNDkvcE1KdFRjdjNKekpLanFISGU2S3lIK2xBR005QmVSSg"}
2020-03-30 18:43:41.989 [http-nio-8085-exec-1] DEBUG com.gx.dataI.common.aop.WebLogAspect - 返回值 : {"msg":"操作成功！","code":"200","token":"aVhtR2Q3UVhCellnTnZySUZYdmxNS3pneEdPZXdac01pTld3ZjRSUDB1emVLbFFLbU93aG5ZQUp1RXhENW9wZw"}
2020-03-30 18:43:43.395 [http-nio-8085-exec-2] DEBUG com.gx.dataI.common.aop.WebLogAspect - 返回值 : {"msg":"操作成功！","code":"200","token":"aVhtR2Q3UVhCellnTnZySUZYdmxNQWNXUFp2M0tvM0VkOHczNHNrMVQwTnVnajRnbFRaWG1vUUZZWi9YaE51SA"}
2020-03-30 18:43:44.137 [http-nio-8085-exec-4] DEBUG com.gx.dataI.common.aop.WebLogAspect - 返回值 : {"msg":"操作成功！","code":"200","token":"aVhtR2Q3UVhCellnTnZySUZYdmxNRjVMeDRyWG1JUlFCb00ya0FLWitkQjdIUXBBalB2RE5NOS9xSWpyTjRBbA"}
2020-03-30 18:44:29.074 [http-nio-8085-exec-5] DEBUG com.gx.dataI.common.aop.WebLogAspect - 返回值 : {"msg":"操作成功！","code":"200","token":"aVhtR2Q3UVhCellnTnZySUZYdmxNTXhXMkdvbHhJNHN6RGEzeDhuUDFHNVppRE5Mc3RMTlRESC95cUhhZ0I5dg"}
2020-03-30 18:44:29.991 [http-nio-8085-exec-3] DEBUG com.gx.dataI.common.aop.WebLogAspect - 返回值 : {"msg":"操作成功！","code":"200","token":"aVhtR2Q3UVhCellnTnZySUZYdmxNRHN0OCtUclhzVXNiV2pvYk4wbElmVFBrN2ZkOTNNcDdmSURQVEZYN2U2Nw"}
2020-03-30 18:44:30.868 [http-nio-8085-exec-7] DEBUG com.gx.dataI.common.aop.WebLogAspect - 返回值 : {"msg":"操作成功！","code":"200","token":"aVhtR2Q3UVhCellnTnZySUZYdmxNRmNaLzczZGkxMUFJL2RLcmJscDYrVTdpcVBoUlZNcVdUQXRPYUxVbm1jeQ"}
2020-03-30 18:44:32.117 [http-nio-8085-exec-6] DEBUG com.gx.dataI.common.aop.WebLogAspect - 返回值 : {"msg":"操作成功！","code":"200","token":"aVhtR2Q3UVhCellnTnZySUZYdmxNTHdOY3dScGlrZ1V2U0I1MDJGL2N3d2VWV0ZvR1ZDZWhHWm1qalFISnNBMQ"}
2020-03-30 18:44:33.081 [http-nio-8085-exec-8] DEBUG com.gx.dataI.common.aop.WebLogAspect - 返回值 : {"msg":"操作成功！","code":"200","token":"aVhtR2Q3UVhCellnTnZySUZYdmxNT1FTY3RGaDA2M3daaXN6T3N4ODBScHY2dlI0Z2V0SFZtVEdqZDljaFYyTw"}
2020-03-30 18:44:33.779 [http-nio-8085-exec-9] DEBUG com.gx.dataI.common.aop.WebLogAspect - 返回值 : {"msg":"操作成功！","code":"200","token":"aVhtR2Q3UVhCellnTnZySUZYdmxNSzJLM0ZjOWNuam1wcHZBa0dEMW9seGF1YzBwTVA0RWQzckdKeXZ1QjlmRA"}
2020-03-30 18:44:34.498 [http-nio-8085-exec-10] DEBUG com.gx.dataI.common.aop.WebLogAspect - 返回值 : {"msg":"操作成功！","code":"200","token":"aVhtR2Q3UVhCellnTnZySUZYdmxNSzFPNkV4TjRUY2toVFYzYkxCVlRXbHFZVGdsRGkybWpYZ1VhV25sRFFxeA"}
2020-03-30 18:44:35.309 [http-nio-8085-exec-1] DEBUG com.gx.dataI.common.aop.WebLogAspect - 返回值 : {"msg":"操作成功！","code":"200","token":"aVhtR2Q3UVhCellnTnZySUZYdmxNTWZMbVRoVmRqdm5JZGNqb2xQOHd2YzFmbEp6N3h4YlRPdjlQN3orWENaNA"}
2020-03-30 18:44:36.075 [http-nio-8085-exec-2] DEBUG com.gx.dataI.common.aop.WebLogAspect - 返回值 : {"msg":"操作成功！","code":"200","token":"aVhtR2Q3UVhCellnTnZySUZYdmxNRmRxN0l0c09IUXhwWHFjdjZCRXVjRU9rMDFJQ3JEUFRJSFFzYUNrZG5ONw"}
2020-03-30 18:46:07.209 [http-nio-8085-exec-5] DEBUG com.gx.dataI.common.aop.WebLogAspect - 返回值 : {"msg":"操作成功！","code":"200","token":"NW1KZUM2cVF1YXhlWXlkUTh6THFpWUpBcHQ1SjhZUmw1Zk5paFR2bitsYUFwbC9ud1VYUnlLWTlaNExmbVZyOQ"}
2020-03-30 18:46:08.226 [http-nio-8085-exec-7] DEBUG com.gx.dataI.common.aop.WebLogAspect - 返回值 : {"msg":"操作成功！","code":"200","token":"NW1KZUM2cVF1YXhlWXlkUTh6THFpUTdVNWpyQjZadWw2MTNJQUh0RzZaZ0psZHk2NFlZUTlrTnZVNWhGN1lwMQ"}
2020-03-30 18:46:09.193 [http-nio-8085-exec-6] DEBUG com.gx.dataI.common.aop.WebLogAspect - 返回值 : {"msg":"操作成功！","code":"200","token":"NW1KZUM2cVF1YXhlWXlkUTh6THFpUW1aSnNzT2tmemVBS1dZUlhNeDB2QVhsajEzSlZGUTI3bUpCNmNWbW0yYw"}
2020-03-30 18:46:11.303 [http-nio-8085-exec-8] DEBUG com.gx.dataI.common.aop.WebLogAspect - 返回值 : {"msg":"操作成功！","code":"200","token":"NW1KZUM2cVF1YXhlWXlkUTh6THFpYmY0czFRZ1BhelZBQkF1QzlsSXRmZkdsa1JVVkl1Q0w3amd5cWpEQkRpYw"}
2020-03-30 18:46:12.172 [http-nio-8085-exec-9] DEBUG com.gx.dataI.common.aop.WebLogAspect - 返回值 : {"msg":"操作成功！","code":"200","token":"NW1KZUM2cVF1YXhlWXlkUTh6THFpZHpYY2g0M2hjODRTY0NCVTJNSzhrRUN1TXYzbW5zVnAvbkh6TlErdXFvSQ"}
2020-03-30 18:46:13.026 [http-nio-8085-exec-10] DEBUG com.gx.dataI.common.aop.WebLogAspect - 返回值 : {"msg":"操作成功！","code":"200","token":"NW1KZUM2cVF1YXhlWXlkUTh6THFpWDA5R0dxYU1kWCtBVEFOejBpU1hkWW1GM0crWHRHMEFuMEczZnR2UllVWQ"}
2020-03-30 18:46:13.839 [http-nio-8085-exec-1] DEBUG com.gx.dataI.common.aop.WebLogAspect - 返回值 : {"msg":"操作成功！","code":"200","token":"NW1KZUM2cVF1YXhlWXlkUTh6THFpYVVIU2NLTTJkSnJTUmFRaFF3OFo1SDNjTUxjZ0JmMnhwTWZFd0hwRlJEMw"}
2020-03-30 18:46:14.758 [http-nio-8085-exec-2] DEBUG com.gx.dataI.common.aop.WebLogAspect - 返回值 : {"msg":"操作成功！","code":"200","token":"NW1KZUM2cVF1YXhlWXlkUTh6THFpUkk1WXNCcVNvcll4dkh4L0NjSDdja1B5UzRyd2N1SE9FV1NUbFBLeloybQ"}
2020-03-30 18:46:34.111 [http-nio-8085-exec-4] DEBUG com.gx.dataI.common.aop.WebLogAspect - 返回值 : {"msg":"操作成功！","code":"200","token":"NW1KZUM2cVF1YXhlWXlkUTh6THFpWEx5R1V5R2JHcGd6ZWpoMFFxcXZtQ1JUSEJEaGFWeVBpV29CU1dqNjQrWg"}
2020-03-30 18:46:34.859 [http-nio-8085-exec-3] DEBUG com.gx.dataI.common.aop.WebLogAspect - 返回值 : {"msg":"操作成功！","code":"200","token":"NW1KZUM2cVF1YXhlWXlkUTh6THFpV0N3UVF3bm1icUR1SmJtbkdxaGxERkUwVWZsaTB1ek5SK0gxTjR6MmljSw"}
2020-03-30 18:46:35.568 [http-nio-8085-exec-5] DEBUG com.gx.dataI.common.aop.WebLogAspect - 返回值 : {"msg":"操作成功！","code":"200","token":"NW1KZUM2cVF1YXhlWXlkUTh6THFpWWYxVWFMTVM3WkhpZGtrNVI3cFBKWHdYdlMwalYwUmQ3VmZBbnc1NGhPaw"}
2020-03-30 18:46:36.345 [http-nio-8085-exec-7] DEBUG com.gx.dataI.common.aop.WebLogAspect - 返回值 : {"msg":"操作成功！","code":"200","token":"NW1KZUM2cVF1YXhlWXlkUTh6THFpUUp2MGpIWnVhcVAzdmxxQ3YycWdOa2FaN2RUS2k1b3I4VVFPazlOaTdxaQ"}
2020-03-30 18:46:58.410 [restartedMain] DEBUG com.gx.dataI.HzdosDataInterfaceApplication - Running with Spring Boot v2.2.5.RELEASE, Spring v5.2.4.RELEASE
2020-03-30 18:47:47.734 [http-nio-8085-exec-3] DEBUG com.gx.dataI.common.aop.WebLogAspect - 返回值 : {"msg":"操作成功！","code":"200","token":"UjI3aUlhU21xRDJGMm1WMmViRHVQck1NdmFNSnVwUTJ2MThjVVBMajJIVTdEMCtTVlQxSGJMWjV6SGJqckhSTg"}
2020-03-30 18:47:48.838 [http-nio-8085-exec-2] DEBUG com.gx.dataI.common.aop.WebLogAspect - 返回值 : {"msg":"操作成功！","code":"200","token":"UjI3aUlhU21xRDJGMm1WMmViRHVQbEE1SlFWaGhQRUtOaVJ3Z2dTa3JwelczZldTWnFPSXlsblVmL3dMeklwMw"}
2020-03-30 18:47:49.907 [http-nio-8085-exec-4] DEBUG com.gx.dataI.common.aop.WebLogAspect - 返回值 : {"msg":"操作成功！","code":"200","token":"UjI3aUlhU21xRDJGMm1WMmViRHVQZ09zTTNhekx2YUI4Qit2Uktra1ZReGdoRHQvTzcyMVFJZG85c25XeW5LcA"}
2020-03-30 18:47:50.860 [http-nio-8085-exec-5] DEBUG com.gx.dataI.common.aop.WebLogAspect - 返回值 : {"msg":"操作成功！","code":"200","token":"UjI3aUlhU21xRDJGMm1WMmViRHVQdWdaZ0pLSEZiVkdHYjJOcHRjSWJvL1ZrQkh1YlVmZC9jYm95bTBmNVVIbw"}
2020-03-30 18:47:51.894 [http-nio-8085-exec-6] DEBUG com.gx.dataI.common.aop.WebLogAspect - 返回值 : {"msg":"操作成功！","code":"200","token":"UjI3aUlhU21xRDJGMm1WMmViRHVQaWNzTDVIaTlXK3BONHVvNEpsS2RHb1hRTkRpV2F3VFdzVXMvZCtMN25PVw"}
2020-03-30 18:48:21.573 [http-nio-8085-exec-7] DEBUG com.gx.dataI.common.aop.WebLogAspect - 返回值 : {"msg":"操作成功！","code":"200","token":"aGxMam1BWW4zSXRrRG42ZUxySnluaW00eTZvYW1Qb2ozbW5kS1pSY2ZwclhJOXBpMHBXckgxV0YxOXNkeFd0Vg"}
2020-03-30 18:48:23.736 [http-nio-8085-exec-8] DEBUG com.gx.dataI.common.aop.WebLogAspect - 返回值 : {"msg":"操作成功！","code":"200","token":"aGxMam1BWW4zSXRrRG42ZUxySnluczhCUWJkNlFEdURiczZxT1gzRjZ4dHduWlNNaStMQnN4SUdZQjR3Slc0OQ"}
2020-03-30 18:48:25.426 [http-nio-8085-exec-9] DEBUG com.gx.dataI.common.aop.WebLogAspect - 返回值 : {"msg":"操作成功！","code":"200","token":"aGxMam1BWW4zSXRrRG42ZUxySnlucU1WNVlWOVAvTGxhRE5ZdFYvNGJKNVNBS0czb3NnSjB6M2trbTZSS0RGYg"}
2020-03-30 18:48:26.804 [http-nio-8085-exec-10] DEBUG com.gx.dataI.common.aop.WebLogAspect - 返回值 : {"msg":"操作成功！","code":"200","token":"aGxMam1BWW4zSXRrRG42ZUxySnlua3JWRmwrK0NVTS9VS3BnOW9ITXg2SWI0RnVyNUI0ZXl3RjRBQVFNNDlpZA"}
2020-03-30 18:48:27.727 [http-nio-8085-exec-1] DEBUG com.gx.dataI.common.aop.WebLogAspect - 返回值 : {"msg":"操作成功！","code":"200","token":"aGxMam1BWW4zSXRrRG42ZUxySnludTMrZkpCSkxpM3RNbXYvSWQwckw5c3VVVmZhK1dyUXRGQ3loNE9xSWFmNg"}
2020-03-30 18:48:28.957 [http-nio-8085-exec-3] DEBUG com.gx.dataI.common.aop.WebLogAspect - 返回值 : {"msg":"操作成功！","code":"200","token":"aGxMam1BWW4zSXRrRG42ZUxySnlucloxSGJVSVA4YUJ5ODI3RXJwejR0YUE3TnJqaGpyVHA0VlZTTWQ5RDFpWA"}
2020-03-30 18:48:34.854 [http-nio-8085-exec-2] DEBUG com.gx.dataI.common.aop.WebLogAspect - 返回值 : {"msg":"操作成功！","code":"200","token":"aGxMam1BWW4zSXRrRG42ZUxySnlucmVZcml2aXI1WkswZGQ5bTJodVlxWmQvUStHalBrcXN5Qkx5K3dtL2Y1SA"}
2020-03-30 18:48:49.442 [http-nio-8085-exec-4] DEBUG com.gx.dataI.common.aop.WebLogAspect - 返回值 : {"msg":"操作成功！","code":"200","token":"aGxMam1BWW4zSXRrRG42ZUxySnlubUx1MFM1VytjT3g5aVdYUTN4YUlxMkpVZ2loa0hLTENDQ1dib0dqS3RqWA"}
2020-03-30 18:48:50.503 [http-nio-8085-exec-5] DEBUG com.gx.dataI.common.aop.WebLogAspect - 返回值 : {"msg":"操作成功！","code":"200","token":"aGxMam1BWW4zSXRrRG42ZUxySnlua21nRUNBTHgzL3NBdkFZeTBGTUlFY3ZLSEd6WDBSalJWSUU5bEJYSk9SSQ"}
2020-03-30 18:48:51.671 [http-nio-8085-exec-6] DEBUG com.gx.dataI.common.aop.WebLogAspect - 返回值 : {"msg":"操作成功！","code":"200","token":"aGxMam1BWW4zSXRrRG42ZUxySnlubk5TNDJkdW9BZE5pRHgwNCtCd0FOTEduaDMvang4VVJ5QjFBdFdaTDhBYw"}
2020-03-30 18:48:52.617 [http-nio-8085-exec-7] DEBUG com.gx.dataI.common.aop.WebLogAspect - 返回值 : {"msg":"操作成功！","code":"200","token":"aGxMam1BWW4zSXRrRG42ZUxySnlucWx5WDBwd29YYXl1ZEg2eS81dnVKZjJuYU9neGwvbGRJbXU0YjAyVmF5QQ"}
2020-03-30 18:48:53.372 [http-nio-8085-exec-8] DEBUG com.gx.dataI.common.aop.WebLogAspect - 返回值 : {"msg":"操作成功！","code":"200","token":"aGxMam1BWW4zSXRrRG42ZUxySnlua3FzeHdvTXJiYng5RnBvaXFnUmtIbkoyUFJtdnd4MjJBQ0tJMDg0QVN1Sg"}
2020-03-30 18:48:54.082 [http-nio-8085-exec-9] DEBUG com.gx.dataI.common.aop.WebLogAspect - 返回值 : {"msg":"操作成功！","code":"200","token":"aGxMam1BWW4zSXRrRG42ZUxySnlubEJtNDAzcUVLVmZjNU5TcmZIOGx6d24rNTBkYm1ZOUR4OEU0akhCUkpobw"}
2020-03-30 18:48:54.803 [http-nio-8085-exec-10] DEBUG com.gx.dataI.common.aop.WebLogAspect - 返回值 : {"msg":"操作成功！","code":"200","token":"aGxMam1BWW4zSXRrRG42ZUxySnludHZLL3JURlphOXFMZTdoK2plL1RXTVhVY1ZVUmZtdzNiRTNjeXFLbE5pNQ"}
2020-03-30 18:48:55.441 [http-nio-8085-exec-1] DEBUG com.gx.dataI.common.aop.WebLogAspect - 返回值 : {"msg":"操作成功！","code":"200","token":"aGxMam1BWW4zSXRrRG42ZUxySnludUJYdEtDY3h1UzI0MW42YU81RWthdmNMMy9RZkdHME9vQW9RSDNRaTFDQw"}
2020-03-30 18:49:15.443 [http-nio-8085-exec-3] DEBUG com.gx.dataI.common.aop.WebLogAspect - 返回值 : {"msg":"操作成功！","code":"200","token":"aGxMam1BWW4zSXRrRG42ZUxySnludGhRMzNWOWFhbjduSDRNcHhianFmcU5ldGUwcElvQjJwcEJCL0kyOVFicw"}
2020-03-30 18:49:16.422 [http-nio-8085-exec-2] DEBUG com.gx.dataI.common.aop.WebLogAspect - 返回值 : {"msg":"操作成功！","code":"200","token":"aGxMam1BWW4zSXRrRG42ZUxySnluclRXekxDMGZ4aGdBMEttSnA2VGhUOU5WcUJUOVY4a0F5Wkk4ektIY2c4NA"}
2020-03-30 18:49:17.078 [http-nio-8085-exec-4] DEBUG com.gx.dataI.common.aop.WebLogAspect - 返回值 : {"msg":"操作成功！","code":"200","token":"aGxMam1BWW4zSXRrRG42ZUxySnlucU41YU5aL1FjWnU4MzdlT1IxQUVLdnU3N0RBa0ZKM09YMFU4d1Y0S1REYg"}
2020-03-30 18:49:19.676 [http-nio-8085-exec-5] DEBUG com.gx.dataI.common.aop.WebLogAspect - 返回值 : {"msg":"操作成功！","code":"200","token":"aGxMam1BWW4zSXRrRG42ZUxySnluc1VpdkFyOUJSOG1vQStWWExkeDNoMnBiWXNSQzNpNmo2TGJweTRtcm1IMw"}
2020-03-30 18:49:20.458 [http-nio-8085-exec-6] DEBUG com.gx.dataI.common.aop.WebLogAspect - 返回值 : {"msg":"操作成功！","code":"200","token":"aGxMam1BWW4zSXRrRG42ZUxySnlub3ExRmhnYjhsNHdGNENRMTJrVW1udytJcEJUSVJzdE1xRjdlazVydHBlZg"}
2020-03-30 18:49:21.061 [http-nio-8085-exec-7] DEBUG com.gx.dataI.common.aop.WebLogAspect - 返回值 : {"msg":"操作成功！","code":"200","token":"aGxMam1BWW4zSXRrRG42ZUxySnluaUdCbW5qN2xHVDUzZFJmQ0NVK3FrZytxZEJCajJnbExISy9mVEowWU9UbQ"}
2020-03-30 18:49:53.596 [http-nio-8085-exec-8] DEBUG com.gx.dataI.common.aop.WebLogAspect - 返回值 : {"msg":"操作成功！","code":"200","token":"aGxMam1BWW4zSXRrRG42ZUxySnlucFhiN2UwVWxmYkdZOHRXVHltNm5ONlpsMlY2K2ZYb0xudzVuMktZdnV4ZA"}
2020-03-30 18:49:54.504 [http-nio-8085-exec-9] DEBUG com.gx.dataI.common.aop.WebLogAspect - 返回值 : {"msg":"操作成功！","code":"200","token":"aGxMam1BWW4zSXRrRG42ZUxySnludUlFT0tNb01WSVlVdWRPMTEwSGpxdFZjeXc2dzlkL0hxdWgxR1I5VGxUbQ"}
2020-03-30 18:49:55.346 [http-nio-8085-exec-10] DEBUG com.gx.dataI.common.aop.WebLogAspect - 返回值 : {"msg":"操作成功！","code":"200","token":"aGxMam1BWW4zSXRrRG42ZUxySnluZ0c5OTNLOHZXOGlVcUFtcG9zZDM5alB0ZkdubE1uZktEc3NpMVplcHlEbw"}
2020-03-30 18:50:01.714 [http-nio-8085-exec-1] DEBUG com.gx.dataI.common.aop.WebLogAspect - 返回值 : {"msg":"操作成功！","code":"200","token":"azFDQ2s2clNGbXBSenk0a0FOZ2hWbFlYZlJXZ2E4b0tvZERxanV5SzRmaFdtRTRlUFpGNXNKbXBRTWt6UU1VMQ"}
2020-03-30 18:50:04.738 [http-nio-8085-exec-3] DEBUG com.gx.dataI.common.aop.WebLogAspect - 返回值 : {"msg":"操作成功！","code":"200","token":"azFDQ2s2clNGbXBSenk0a0FOZ2hWa0Z6amVqVHdLWnNGVlRNTThSUDR2aFdyc2p1ekw4RzFwWWpYbTBJQkpNdw"}
2020-03-30 18:50:54.991 [restartedMain] DEBUG com.gx.dataI.HzdosDataInterfaceApplication - Running with Spring Boot v2.2.5.RELEASE, Spring v5.2.4.RELEASE
2020-03-30 18:51:17.634 [http-nio-8085-exec-1] DEBUG com.gx.dataI.common.aop.WebLogAspect - 返回值 : {"msg":"操作成功！","code":"200","token":"ZDVpcCtPeXFYTlVOK21Ndlh4TUFkeFBxKzg0WEVvU29nT0VRN3pIMFNXbWlSSmoxOVpFeTlKZk44UHN2b05LNXpnWjBST3NCeVRkVjBLUXJIRVlDRWlKUHZCckVWL1IzblhnRlZJNzFVL3c9"}
2020-03-30 18:52:02.021 [http-nio-8085-exec-3] DEBUG com.gx.dataI.common.aop.WebLogAspect - 返回值 : {"msg":"操作成功！","code":"200","token":"ZDVpcCtPeXFYTlVOK21Ndlh4TUFkMXJ3YTJqNnpzZnFMaHFsV0hMQTV6RC9sUm1NalBuQUhhNkZHSGtpUjdtdXhoYllSNjR2SlMyZ0thMDVTdUdmRFhSOWVRN2lKRS9oNG1vcCsxWDNlNFk9"}
2020-03-30 18:52:02.955 [http-nio-8085-exec-4] DEBUG com.gx.dataI.common.aop.WebLogAspect - 返回值 : {"msg":"操作成功！","code":"200","token":"ZDVpcCtPeXFYTlVOK21Ndlh4TUFkMCtQVmtFbXB1ZHB6MVlGZldDMWpSV3JCMmJaR2c1QkRFK3Z6VERLRi92MDM2dVJYVThaRGgxcHRIcmZEcjlJUjlNUXJRcnBYRVdyZnZaMHJqbk1oVVk9"}
2020-03-30 18:52:03.948 [http-nio-8085-exec-5] DEBUG com.gx.dataI.common.aop.WebLogAspect - 返回值 : {"msg":"操作成功！","code":"200","token":"ZDVpcCtPeXFYTlVOK21Ndlh4TUFkOWRLRVZRYXNNV0M0NXUyRkZGZ3NEV0I3MGMxWTBGQzVFemUvd0N0dzRtQnhZekRGSStBZHVmUUMrelBJVHJQTFhENnFZaHFZdnhVVUdveWdTQk1HcXM9"}
2020-03-30 18:52:07.001 [http-nio-8085-exec-6] DEBUG com.gx.dataI.common.aop.WebLogAspect - 返回值 : {"msg":"操作成功！","code":"200","token":"ZDVpcCtPeXFYTlVOK21Ndlh4TUFkeENnOUt5aHFJVGs4NGVTc2Vrc09NenhjY0h6U0IrNDI0aDVtZVhJcEU0OXBCOFRpYnBMdG9lS29RT3g4TFpvbHhuY3FUdzlDaHlnVGxEbC8weTFodmc9"}
2020-03-30 18:52:08.042 [http-nio-8085-exec-7] DEBUG com.gx.dataI.common.aop.WebLogAspect - 返回值 : {"msg":"操作成功！","code":"200","token":"ZDVpcCtPeXFYTlVOK21Ndlh4TUFkOEJyVFVaTVJtckhqNkR5WE9vS0luWldGZ0pqQU1GK0NTdEVQWWMwQXFNdFFuWXJrcUJRd2ZyaGhDZGVpWHFlNzAzdUh4WktHNFlsL1UwSlpJQ1c1SFk9"}
2020-03-30 18:52:09.170 [http-nio-8085-exec-8] DEBUG com.gx.dataI.common.aop.WebLogAspect - 返回值 : {"msg":"操作成功！","code":"200","token":"ZDVpcCtPeXFYTlVOK21Ndlh4TUFkeDRCeUFOdUd6R1BtZTIzVlZIS24wTjJGSnZkb3NaSDVWNmhoOEdJdER0UEtieXdrTkFVaEYzMk1SZTFlc1NiOEd4MUlua09WdVQyeW1kdGlmeG9iN0E9"}
2020-03-30 18:52:10.178 [http-nio-8085-exec-9] DEBUG com.gx.dataI.common.aop.WebLogAspect - 返回值 : {"msg":"操作成功！","code":"200","token":"ZDVpcCtPeXFYTlVOK21Ndlh4TUFkN0ppRFJyR3Fja2lGcUlWUGpETURvMS9WdlR3Uk80cWdTMmhJNithUDhxWHJnWEdhMmUvL1ZXeGJFOURNbU9HNFVkeFRWQW13UnhwcVdwbXVMaGxzNEU9"}
2020-03-30 18:52:11.310 [http-nio-8085-exec-10] DEBUG com.gx.dataI.common.aop.WebLogAspect - 返回值 : {"msg":"操作成功！","code":"200","token":"ZDVpcCtPeXFYTlVOK21Ndlh4TUFkNk1mZ0h3SlpsRXlpZEp4Uk9MMkpIWTA1dG5ucTgzeVgwMHZDVlFnREgybmtYbGNXejAvZ2o5SmdaWk5PaGRrZ3FJdzBnVVhJRTNSYlRHREhhYlByQjg9"}
2020-03-30 18:52:12.209 [http-nio-8085-exec-2] DEBUG com.gx.dataI.common.aop.WebLogAspect - 返回值 : {"msg":"操作成功！","code":"200","token":"ZDVpcCtPeXFYTlVOK21Ndlh4TUFkN1krWm1wc0syNXR1NE0wUUUzQ2lPeUdYQklYZ241LzhNVHBPQlJVbUtkUlNQVnhSVWxlc0JYNVhFOUtnVE5NU0JHUDlGZDRKZGYzazdVWTZ4WDA0MVU9"}
2020-03-30 18:52:13.003 [http-nio-8085-exec-1] DEBUG com.gx.dataI.common.aop.WebLogAspect - 返回值 : {"msg":"操作成功！","code":"200","token":"ZDVpcCtPeXFYTlVOK21Ndlh4TUFkNXlQM1JxVHovT3VnTlBoSUp4RERROExRNmhQOFd0cHBoL0FtNm16ZG1neDRzTnVnaW03TTBxSXl4Y3R4VDhuNlBiNEQ3K0lqMFFIK1IyVjlHVnNpK2M9"}
2020-03-30 18:52:13.909 [http-nio-8085-exec-3] DEBUG com.gx.dataI.common.aop.WebLogAspect - 返回值 : {"msg":"操作成功！","code":"200","token":"ZDVpcCtPeXFYTlVOK21Ndlh4TUFkL3JJMWp3SkQ5T3pKbHRmdzVjak85T3REd3JkcVJVYzZkR0tycS8zaTNVOTUyaHRnVzNqbWtrNTRUYU1GakM4ZVRNbVluRGpIUUhmQnpTN3BTVERaZjQ9"}
2020-03-30 18:52:14.721 [http-nio-8085-exec-4] DEBUG com.gx.dataI.common.aop.WebLogAspect - 返回值 : {"msg":"操作成功！","code":"200","token":"ZDVpcCtPeXFYTlVOK21Ndlh4TUFkd0I0SzhEQ3Y1QmQ1Ym1WSmRiaTNRWktiTHdmeDF0Z3h3VTF0THlaamJTMCs5MnBOSThsa1ZNUlpCbElSZXpwTC9tbzFXREpDUGFqMG96WUd5bjNjNDg9"}
2020-03-30 18:52:15.465 [http-nio-8085-exec-5] DEBUG com.gx.dataI.common.aop.WebLogAspect - 返回值 : {"msg":"操作成功！","code":"200","token":"ZDVpcCtPeXFYTlVOK21Ndlh4TUFkMDNXNVpTUnBaOTRkR0kydFQ0blZma1Z0d1dQOXNjMmkwQ3lzdllycDlFdzJHb2N5RmVjT0pyWGkxeGVsWXR3aXB3M0hQajBaQnNOaHYxSk8ycDAzVWs9"}
2020-03-30 18:52:16.134 [http-nio-8085-exec-6] DEBUG com.gx.dataI.common.aop.WebLogAspect - 返回值 : {"msg":"操作成功！","code":"200","token":"ZDVpcCtPeXFYTlVOK21Ndlh4TUFkMlIreUtCTGlINDh5bUN6NjQrdndMVjZBZVRpWWF6T0NBWTVtWmpQU3R6bVRyU0NBL2J2dlhBc1BySHdKYm9EcStRU1krOUZYRHJIempYSFNkY1huUkE9"}
2020-03-30 18:52:36.232 [restartedMain] DEBUG com.gx.dataI.HzdosDataInterfaceApplication - Running with Spring Boot v2.2.5.RELEASE, Spring v5.2.4.RELEASE
2020-03-30 19:00:59.176 [restartedMain] DEBUG com.gx.dataI.HzdosDataInterfaceApplication - Running with Spring Boot v2.2.5.RELEASE, Spring v5.2.4.RELEASE
2020-03-30 19:01:55.141 [http-nio-8085-exec-1] DEBUG com.gx.dataI.common.aop.WebLogAspect - 返回值 : {"msg":"操作成功！","code":"200","token":"M0lCZE0xY1lPbWlMRWFNdVA5bWtEUi9ZNjNoT0hFNXpkNlhYaTkwb2w3MUVVMm1ZUGwxUGI3QVB4U0RBUkZDQg"}
2020-03-30 19:02:19.093 [http-nio-8085-exec-4] DEBUG com.gx.dataI.common.utils.FastDFSUtil - ——获取组中可用的storage IP——192.168.18.252
2020-03-30 19:02:19.094 [http-nio-8085-exec-4] DEBUG com.gx.dataI.common.utils.FastDFSUtil - ——storage server生成
2020-03-30 19:02:19.097 [http-nio-8085-exec-4] DEBUG com.gx.dataI.common.aop.WebLogAspect - 返回值 : null
2020-03-30 19:04:17.004 [http-nio-8085-exec-6] DEBUG com.gx.dataI.common.utils.FastDFSUtil - ——获取组中可用的storage IP——192.168.18.251
2020-03-30 19:04:17.004 [http-nio-8085-exec-6] DEBUG com.gx.dataI.common.utils.FastDFSUtil - ——storage server生成
2020-03-30 19:04:17.005 [http-nio-8085-exec-6] DEBUG com.gx.dataI.common.aop.WebLogAspect - 返回值 : null
